This is XeTeX, Version 3.14159265-2.6-0.999992 (TeX Live 2020) (preloaded format=xelatex 2020.7.9)  9 JUL 2020 08:53
entering extended mode
 restricted \write18 enabled.
 %&-line parsing enabled.
**rap-latex-cv.tex
(./rap-latex-cv.tex
LaTeX2e <2020-02-02> patch level 5
L3 programming layer <2020-06-18>

! LaTeX Error: File `$documentclass$.cls' not found.

Type X to quit or <RETURN> to proceed,
or enter new name. (Default extension: cls)

Enter file name: 
! Emergency stop.
<read *> 
         
l.2 $
     if(fontfamily)$^^M
*** (cannot \read from terminal in nonstop modes)

 
Here is how much of TeX's memory you used:
 21 strings out of 481269
 425 string characters out of 5923410
 239832 words of memory out of 5000000
 17651 multiletter control sequences out of 15000+600000
 532338 words of font info for 24 fonts, out of 8000000 for 9000
 14 hyphenation exceptions out of 8191
 14i,0n,17p,227b,10s stack positions out of 5000i,500n,10000p,200000b,80000s
No pages of output.
